GROUP,PACKAGE,CLASS,INSTRUCTION_MISSED,INSTRUCTION_COVERED,BRANCH_MISSED,BRANCH_COVERED,LINE_MISSED,LINE_COVERED,COMPLEXITY_MISSED,COMPLEXITY_COVERED,METHOD_MISSED,METHOD_COVERED
libs-hoot,Hoot.Exceptions,Exception.Metaclass,158,38,0,0,27,10,12,6,12,6
libs-hoot,Hoot.Exceptions,ArithmeticError,4,3,0,0,2,1,2,1,2,1
libs-hoot,Hoot.Exceptions,Notification.Metaclass,0,15,0,0,0,6,0,4,0,4
libs-hoot,Hoot.Exceptions,Error,4,3,0,0,2,1,2,1,2,1
libs-hoot,Hoot.Exceptions,FileCheckError.Metaclass,69,0,0,0,14,0,8,0,8,0
libs-hoot,Hoot.Exceptions,ExceptionSet.Metaclass,40,0,0,0,10,0,6,0,6,0
libs-hoot,Hoot.Exceptions,Warning,2,5,0,0,1,2,1,2,1,2
libs-hoot,Hoot.Exceptions,UnhandledJavaException.Metaclass,28,0,0,0,10,0,5,0,5,0
libs-hoot,Hoot.Exceptions,UnresumableException.Metaclass,15,0,0,0,6,0,4,0,4,0
libs-hoot,Hoot.Exceptions,Error.Metaclass,0,15,0,0,0,6,0,4,0,4
libs-hoot,Hoot.Exceptions,ZeroDivide,21,15,0,0,7,6,3,2,3,2
libs-hoot,Hoot.Exceptions,ExceptionSet,59,0,0,0,14,0,6,0,6,0
libs-hoot,Hoot.Exceptions,Exception,477,244,2,4,118,61,42,19,40,18
libs-hoot,Hoot.Exceptions,ZeroDivide.Metaclass,0,41,0,0,0,10,0,6,0,6
libs-hoot,Hoot.Exceptions,Notification,4,12,0,0,2,4,2,2,2,2
libs-hoot,Hoot.Exceptions,MessageNotUnderstood,48,0,0,0,16,0,6,0,6,0
libs-hoot,Hoot.Exceptions,Warning.Metaclass,0,15,0,0,0,6,0,4,0,4
libs-hoot,Hoot.Exceptions,UnresumableException,7,0,0,0,3,0,3,0,3,0
libs-hoot,Hoot.Exceptions,MessageNotUnderstood.Metaclass,15,0,0,0,6,0,4,0,4,0
libs-hoot,Hoot.Exceptions,FileCheckError,36,0,0,0,13,0,5,0,5,0
libs-hoot,Hoot.Exceptions,ControlError.Metaclass,15,0,0,0,6,0,4,0,4,0
libs-hoot,Hoot.Exceptions,UnhandledJavaException,81,0,0,0,28,0,8,0,8,0
libs-hoot,Hoot.Exceptions,ControlError,7,0,0,0,3,0,3,0,3,0
libs-hoot,Hoot.Exceptions,ArithmeticError.Metaclass,0,15,0,0,0,6,0,4,0,4
libs-hoot,Hoot.Geometry,Rectangle.Metaclass,37,0,0,0,10,0,6,0,6,0
libs-hoot,Hoot.Geometry,Point.Metaclass,27,42,0,0,4,10,2,6,2,6
libs-hoot,Hoot.Geometry,Point,525,277,17,1,115,53,47,21,38,21
libs-hoot,Hoot.Geometry,Rectangle,283,383,2,0,67,82,21,27,20,27
libs-hoot,Hoot.Tests,TestBase.Metaclass,15,0,0,0,6,0,4,0,4,0
libs-hoot,Hoot.Tests,FloatMath,0,62,0,0,0,13,0,3,0,3
libs-hoot,Hoot.Tests,TestBase,49,84,0,0,17,26,6,7,6,7
libs-hoot,Hoot.Tests,DictionaryWrites,0,142,0,0,0,33,0,4,0,4
libs-hoot,Hoot.Tests,TestableClosure,100,373,0,2,22,92,10,22,10,21
libs-hoot,Hoot.Tests,StringCompare,0,27,0,0,0,8,0,3,0,3
libs-hoot,Hoot.Tests,TestableCode,23,150,0,4,6,36,2,10,2,8
libs-hoot,Hoot.Tests,LibraryHeritage,0,44,0,0,0,10,0,3,0,3
libs-hoot,Hoot.Tests,CollectionWrites,0,83,0,0,0,23,0,4,0,4
libs-hoot,Hoot.Tests,CollectionCycles,0,110,0,0,0,29,0,6,0,6
libs-hoot,Hoot.Tests,ArrayCreates,0,36,0,0,0,12,0,4,0,4
libs-hoot,Hoot.Tests,TextStream,0,95,0,0,0,18,0,6,0,6
libs-hoot,Hoot.Tests,SticBenchmark,0,76,0,0,0,15,0,2,0,2
libs-hoot,Hoot.Tests,FileStream,4,162,0,0,2,31,1,5,1,5
libs-hoot,Hoot.Tests,ArrayWrites,0,145,0,0,0,21,0,4,0,4
libs-hoot,Hoot.Tests,HanoiTower,47,336,0,6,13,67,7,23,7,20
libs-hoot,Hoot.Tests,IntegerMath,0,57,0,0,0,13,0,3,0,3
libs-hoot,Hoot.Tests,HelloWorld,0,87,0,0,0,22,0,6,0,6
libs-hoot,Hoot.Metrics,MetricsSnapshot,80,143,1,1,20,30,21,6,20,6
libs-hoot,Hoot.Behaviors,Behavior,314,480,9,11,79,121,30,35,23,32
libs-hoot,Hoot.Behaviors,Behavior.Metaclass,0,15,0,0,0,6,0,4,0,4
libs-hoot,Hoot.Behaviors,MetaclassBase,45,19,2,0,12,6,4,1,3,1
libs-hoot,Hoot.Behaviors,True,97,121,0,0,30,37,10,12,10,12
libs-hoot,Hoot.Behaviors,Class,54,0,2,0,17,0,6,0,5,0
libs-hoot,Hoot.Behaviors,Object.Metaclass,23,15,0,0,4,6,2,4,2,4
libs-hoot,Hoot.Behaviors,Object,794,196,3,9,187,55,65,19,62,16
libs-hoot,Hoot.Behaviors,Class.Metaclass,27,0,0,0,9,0,5,0,5,0
libs-hoot,Hoot.Behaviors,Boolean,103,57,0,2,27,16,9,7,9,6
libs-hoot,Hoot.Behaviors,False,89,130,0,0,27,40,9,13,9,13
libs-hoot,Hoot.Behaviors,MessageSend,159,0,4,0,33,0,11,0,9,0
libs-hoot,Hoot.Behaviors,Message,48,0,0,0,15,0,4,0,4,0
libs-hoot,Hoot.Behaviors,Nil,263,35,8,0,82,12,30,4,26,4
libs-hoot,Hoot.Collections,SortedCollection,383,139,3,1,90,34,28,8,26,8
libs-hoot,Hoot.Collections,Interval,529,56,20,0,114,15,40,3,30,3
libs-hoot,Hoot.Collections,SequencedCollection.Metaclass,0,15,0,0,0,6,0,4,0,4
libs-hoot,Hoot.Collections,Symbol.Metaclass,15,0,0,0,6,0,4,0,4,0
libs-hoot,Hoot.Collections,IdentityDictionary,98,45,0,0,21,12,7,3,7,3
libs-hoot,Hoot.Collections,Symbol,152,39,0,0,42,12,13,3,13,3
libs-hoot,Hoot.Collections,Dictionary.Metaclass,111,63,0,0,18,14,7,8,7,8
libs-hoot,Hoot.Collections,Set.Metaclass,225,63,0,0,28,14,14,8,14,8
libs-hoot,Hoot.Collections,Collection.Metaclass,264,15,0,0,49,6,19,4,19,4
libs-hoot,Hoot.Collections,Collection,1337,229,4,4,241,56,89,15,85,15
libs-hoot,Hoot.Collections,CharacterString,808,190,1,1,137,43,54,15,53,15
libs-hoot,Hoot.Collections,ByteArray,290,0,2,0,73,0,22,0,21,0
libs-hoot,Hoot.Collections,ArrayedCollection.Metaclass,0,15,0,0,0,6,0,4,0,4
libs-hoot,Hoot.Collections,Array.Metaclass,250,40,0,0,32,10,16,6,16,6
libs-hoot,Hoot.Collections,IdentitySet,54,20,0,0,14,6,4,2,4,2
libs-hoot,Hoot.Collections,SequencedCollection,2792,107,4,0,407,20,148,7,146,7
libs-hoot,Hoot.Collections,String,675,375,6,4,140,85,45,27,40,27
libs-hoot,Hoot.Collections,Bag.Metaclass,24,39,0,0,4,10,2,6,2,6
libs-hoot,Hoot.Collections,SortedCollection.Metaclass,89,65,0,0,15,15,7,8,7,8
libs-hoot,Hoot.Collections,String.Metaclass,0,88,0,0,0,18,0,10,0,10
libs-hoot,Hoot.Collections,IdentitySet.Metaclass,74,39,0,0,12,10,6,6,6,6
libs-hoot,Hoot.Collections,OrderedCollection,592,123,2,0,120,31,40,9,39,9
libs-hoot,Hoot.Collections,Bag,364,157,0,0,76,31,26,10,26,10
libs-hoot,Hoot.Collections,StringPattern,196,0,30,0,56,0,21,0,6,0
libs-hoot,Hoot.Collections,StringPattern.Metaclass,15,0,0,0,6,0,4,0,4,0
libs-hoot,Hoot.Collections,Interval.Metaclass,35,116,0,0,5,17,3,9,3,9
libs-hoot,Hoot.Collections,IdentityDictionary.Metaclass,24,63,0,0,4,14,2,8,2,8
libs-hoot,Hoot.Collections,CharacterString.Metaclass,0,15,0,0,0,6,0,4,0,4
libs-hoot,Hoot.Collections,Set,208,229,0,0,48,53,17,15,17,15
libs-hoot,Hoot.Collections,ArrayedCollection,312,3,0,0,44,1,18,1,18,1
libs-hoot,Hoot.Collections,Dictionary,997,324,2,2,177,66,61,20,60,19
libs-hoot,Hoot.Collections,ByteArray.Metaclass,87,0,0,0,18,0,10,0,10,0
libs-hoot,Hoot.Collections,OrderedCollection.Metaclass,250,63,0,0,32,14,16,8,16,8
libs-hoot,Hoot.Collections,Array,163,174,0,0,46,41,13,12,13,12
libs-hoot,Hoot.Tools,HootRunner.Metaclass,15,0,0,0,6,0,4,0,4,0
libs-hoot,Hoot.Tools,HootRunner,17,167,1,3,5,43,4,11,3,10
libs-hoot,Hoot.Magnitudes,Fraction.Metaclass,22,116,0,0,4,23,2,10,2,10
libs-hoot,Hoot.Magnitudes,Rational.Metaclass,0,15,0,0,0,6,0,4,0,4
libs-hoot,Hoot.Magnitudes,Fixed,460,234,2,0,73,48,29,14,28,14
libs-hoot,Hoot.Magnitudes,Float,593,335,16,2,109,66,45,23,37,22
libs-hoot,Hoot.Magnitudes,LargeInteger.Metaclass,39,0,0,0,10,0,6,0,6,0
libs-hoot,Hoot.Magnitudes,Float.Metaclass,42,43,0,0,8,12,4,6,4,6
libs-hoot,Hoot.Magnitudes,FastInteger,79,58,0,0,21,16,6,5,6,5
libs-hoot,Hoot.Magnitudes,Association.Metaclass,15,0,0,0,6,0,4,0,4,0
libs-hoot,Hoot.Magnitudes,Rational,186,195,9,5,35,44,19,13,12,13
libs-hoot,Hoot.Magnitudes,Character,332,197,12,2,85,51,34,15,28,14
libs-hoot,Hoot.Magnitudes,Magnitude.Metaclass,0,15,0,0,0,6,0,4,0,4
libs-hoot,Hoot.Magnitudes,Association,174,69,16,0,53,18,25,5,17,5
libs-hoot,Hoot.Magnitudes,SmallInteger.Metaclass,120,69,0,0,23,19,11,9,11,9
libs-hoot,Hoot.Magnitudes,LongInteger,202,131,5,1,41,37,16,13,13,13
libs-hoot,Hoot.Magnitudes,Number.Metaclass,352,62,0,0,61,14,30,8,30,8
libs-hoot,Hoot.Magnitudes,Integer.Metaclass,29,15,0,0,4,6,2,4,2,4
libs-hoot,Hoot.Magnitudes,LongInteger.Metaclass,64,60,0,0,12,14,6,8,6,8
libs-hoot,Hoot.Magnitudes,LargeInteger,117,70,3,1,32,20,13,6,11,6
libs-hoot,Hoot.Magnitudes,Time,34,30,0,0,10,9,5,3,5,3
libs-hoot,Hoot.Magnitudes,Fixed.Metaclass,75,46,0,0,12,10,6,6,6,6
libs-hoot,Hoot.Magnitudes,FastInteger.Metaclass,0,15,0,0,0,6,0,4,0,4
libs-hoot,Hoot.Magnitudes,Double,758,119,14,0,143,26,57,8,50,8
libs-hoot,Hoot.Magnitudes,Fraction,244,330,1,1,44,75,16,23,15,23
libs-hoot,Hoot.Magnitudes,Double.Metaclass,62,21,0,0,12,8,6,4,6,4
libs-hoot,Hoot.Magnitudes,SmallInteger,448,636,26,16,96,153,40,51,26,44
libs-hoot,Hoot.Magnitudes,Number,838,396,11,9,171,96,67,30,59,28
libs-hoot,Hoot.Magnitudes,Integer,700,206,0,6,149,47,49,19,49,16
libs-hoot,Hoot.Magnitudes,Character.Metaclass,605,185,2,2,109,41,54,18,52,18
libs-hoot,Hoot.Magnitudes,Time.Metaclass,15,0,0,0,6,0,4,0,4,0
libs-hoot,Hoot.Magnitudes,Magnitude,136,124,1,1,28,24,13,9,12,9
libs-hoot,Hoot.Streams,TextWriteStream,24,47,0,0,6,13,2,4,2,4
libs-hoot,Hoot.Streams,CollectionStream,112,31,0,0,32,9,11,2,11,2
libs-hoot,Hoot.Streams,TextReadStream.Metaclass,24,39,0,0,4,10,2,6,2,6
libs-hoot,Hoot.Streams,TextReadStream,100,46,0,0,17,12,7,4,7,4
libs-hoot,Hoot.Streams,CollectionStream.Metaclass,0,15,0,0,0,6,0,4,0,4
libs-hoot,Hoot.Streams,FileReadStream.Metaclass,36,86,0,0,5,15,3,8,3,8
libs-hoot,Hoot.Streams,TextFileReadStream.Metaclass,0,39,0,0,0,10,0,6,0,6
libs-hoot,Hoot.Streams,TextFileReadStream,91,81,0,4,25,23,8,8,8,6
libs-hoot,Hoot.Streams,ReadStream,283,11,4,0,59,4,22,1,20,1
libs-hoot,Hoot.Streams,TextFileWriteStream,82,53,0,0,24,15,7,5,7,5
libs-hoot,Hoot.Streams,FileWriteStream.Metaclass,90,81,9,3,16,17,10,7,4,7
libs-hoot,Hoot.Streams,WriteStream.Metaclass,24,35,0,0,4,10,2,6,2,6
libs-hoot,Hoot.Streams,BinaryFileWriteStream.Metaclass,39,0,0,0,10,0,6,0,6,0
libs-hoot,Hoot.Streams,BinaryFileWriteStream,239,0,0,0,56,0,18,0,18,0
libs-hoot,Hoot.Streams,TextFileWriteStream.Metaclass,0,39,0,0,0,10,0,6,0,6
libs-hoot,Hoot.Streams,ReadStream.Metaclass,24,15,0,0,4,6,2,4,2,4
libs-hoot,Hoot.Streams,FileWriteStream,57,26,0,0,18,9,5,3,5,3
libs-hoot,Hoot.Streams,WriteStream,153,18,0,0,34,6,11,3,11,3
libs-hoot,Hoot.Streams,BinaryFileReadStream.Metaclass,63,0,0,0,14,0,8,0,8,0
libs-hoot,Hoot.Streams,Transcript,235,106,0,0,58,32,12,10,12,10
libs-hoot,Hoot.Streams,FileStream.Metaclass,0,94,0,0,0,18,0,10,0,10
libs-hoot,Hoot.Streams,TextWriteStream.Metaclass,25,39,0,0,4,10,2,6,2,6
libs-hoot,Hoot.Streams,FileStream,256,89,2,2,50,20,20,7,19,6
libs-hoot,Hoot.Streams,FileReadStream,198,13,0,0,38,5,15,2,15,2
libs-hoot,Hoot.Streams,BinaryFileReadStream,204,0,0,0,46,0,16,0,16,0
